2022-06-20 14:41:33,223 :INFO :Logs.Log :********************verifying LoginPage Test********************************
2022-06-20 16:46:05,099 :INFO :Logs.Log :********************verifying LoginPage Test********************************
2022-06-20 16:54:40,863 :INFO :Logs.Log :********************verifying LoginPage Test********************************
2022-06-20 16:54:51,983 :INFO :Logs.Log :********************Test  ColumbHomepage Passed********************************
2022-06-21 11:25:35,740 :INFO :Logs.Log :********************verifying LoginPage Test********************************
2022-06-21 11:25:57,388 :INFO :Logs.Log :********************Test LoginPage Passed********************************
2022-06-21 11:31:31,878 :INFO :Logs.Log :********************verifying LoginPage Test********************************
2022-06-21 11:31:45,789 :INFO :Logs.Log :********************Test LoginPage Passed********************************
2022-06-21 11:35:45,321 :INFO :Logs.Log :********************verifying LoginPage Test********************************
2022-06-21 11:37:41,400 :INFO :Logs.Log :********************verifying LoginPage Test********************************
2022-06-21 11:40:02,950 :INFO :Logs.Log :********************verifying LoginPage Test********************************
2022-06-21 11:42:03,538 :INFO :Logs.Log :********************verifying LoginPage Test********************************
2022-06-21 11:43:34,565 :INFO :Logs.Log :********************verifying LoginPage Test********************************
2022-06-21 11:52:20,952 :INFO :Logs.Log :********************verifying LoginPage Test********************************
2022-06-21 11:52:31,345 :INFO :Logs.Log :********************Test LoginPage Passed********************************
2022-06-21 11:52:32,347 :INFO :Logs.Log :********************verifying LoginPage Test********************************
2022-06-21 11:52:55,255 :INFO :Logs.Log :********************Test LoginPage Passed********************************
2022-06-21 11:54:13,679 :INFO :Logs.Log :********************verifying LoginPage Test********************************
2022-06-21 11:54:24,665 :INFO :Logs.Log :********************Test LoginPage Passed********************************
2022-06-21 11:54:25,786 :INFO :Logs.Log :********************verifying LoginPage Test********************************
2022-06-21 11:54:49,951 :INFO :Logs.Log :********************Test LoginPage Passed********************************
2022-06-21 12:08:49,057 :INFO :Logs.Log :********************verifying LoginPage Test********************************
2022-06-21 12:08:58,849 :INFO :Logs.Log :********************Test LoginPage Passed********************************
2022-06-21 12:08:59,950 :INFO :Logs.Log :********************verifying LoginPage Test********************************
2022-06-21 12:09:22,995 :INFO :Logs.Log :********************Test LoginPage Passed********************************
2022-06-21 12:09:24,216 :INFO :Logs.Log :********************verifying LoginPage Test********************************
2022-06-21 12:09:48,057 :INFO :Logs.Log :********************Test LoginPage Passed********************************
2022-06-21 12:09:49,374 :INFO :Logs.Log :********************verifying LoginPage Test********************************
2022-06-21 12:10:12,186 :INFO :Logs.Log :********************Test LoginPage Passed********************************
2022-06-21 12:10:13,388 :INFO :Logs.Log :********************verifying LoginPage Test********************************
2022-06-21 12:10:21,546 :INFO :Logs.Log :********************Test LoginPage Passed********************************
2022-06-21 12:10:22,715 :INFO :Logs.Log :********************verifying LoginPage Test********************************
2022-06-21 12:10:30,948 :INFO :Logs.Log :********************Test LoginPage Passed********************************
2022-06-21 12:10:32,062 :INFO :Logs.Log :********************verifying LoginPage Test********************************
2022-06-21 12:10:39,828 :INFO :Logs.Log :********************Test LoginPage Passed********************************
2022-06-21 12:19:35,526 :INFO :Logs.Log :********************verifying LoginPage Test********************************
2022-06-21 12:19:36,026 :INFO :Logs.Log :********************verifying LoginPage Test********************************
2022-06-21 12:19:36,133 :INFO :Logs.Log :********************verifying LoginPage Test********************************
2022-06-21 12:19:36,247 :INFO :Logs.Log :********************verifying LoginPage Test********************************
2022-06-21 12:19:36,384 :INFO :Logs.Log :********************verifying LoginPage Test********************************
2022-06-21 12:19:36,411 :INFO :Logs.Log :********************verifying LoginPage Test********************************
2022-06-21 12:19:52,278 :INFO :Logs.Log :********************Test LoginPage Passed********************************
2022-06-21 12:19:52,604 :INFO :Logs.Log :********************Test LoginPage Passed********************************
2022-06-21 12:19:55,426 :INFO :Logs.Log :********************LoginPage Test Failed********************************
2022-06-21 12:19:56,866 :INFO :Logs.Log :********************verifying LoginPage Test********************************
2022-06-21 12:20:06,968 :INFO :Logs.Log :********************Test LoginPage Passed********************************
2022-06-21 12:20:07,218 :INFO :Logs.Log :********************Test LoginPage Passed********************************
2022-06-21 12:20:07,264 :INFO :Logs.Log :********************Test LoginPage Passed********************************
2022-06-21 12:20:09,741 :INFO :Logs.Log :********************Test LoginPage Passed********************************
2022-06-21 12:21:28,695 :INFO :Logs.Log :********************verifying LoginPage Test********************************
2022-06-21 12:21:30,629 :INFO :Logs.Log :********************verifying LoginPage Test********************************
2022-06-21 12:21:31,444 :INFO :Logs.Log :********************verifying LoginPage Test********************************
2022-06-21 12:21:31,593 :INFO :Logs.Log :********************verifying LoginPage Test********************************
2022-06-21 12:21:31,710 :INFO :Logs.Log :********************verifying LoginPage Test********************************
2022-06-21 12:21:31,745 :INFO :Logs.Log :********************verifying LoginPage Test********************************
2022-06-21 12:21:31,944 :INFO :Logs.Log :********************verifying LoginPage Test********************************
2022-06-21 12:21:44,441 :INFO :Logs.Log :********************Test LoginPage Passed********************************
2022-06-21 12:21:46,960 :INFO :Logs.Log :********************Test LoginPage Passed********************************
2022-06-21 12:21:47,040 :INFO :Logs.Log :********************Test LoginPage Passed********************************
2022-06-21 12:21:49,409 :INFO :Logs.Log :********************LoginPage Test Failed********************************
2022-06-21 12:21:55,830 :INFO :Logs.Log :********************Test LoginPage Passed********************************
2022-06-21 12:22:01,651 :INFO :Logs.Log :********************Test LoginPage Passed********************************
2022-06-21 12:22:01,730 :INFO :Logs.Log :********************Test LoginPage Passed********************************
2022-06-21 12:25:30,092 :INFO :Logs.Log :********************verifying LoginPage Test********************************
2022-06-21 12:25:39,381 :INFO :Logs.Log :********************Test LoginPage Passed********************************
2022-06-21 12:25:40,424 :INFO :Logs.Log :********************verifying LoginPage Test********************************
2022-06-21 12:26:02,476 :INFO :Logs.Log :********************Test LoginPage Passed********************************
2022-06-21 12:26:03,615 :INFO :Logs.Log :********************verifying LoginPage Test********************************
2022-06-21 12:26:25,874 :INFO :Logs.Log :********************Test LoginPage Passed********************************
2022-06-21 12:26:27,132 :INFO :Logs.Log :********************verifying LoginPage Test********************************
2022-06-21 12:26:49,523 :INFO :Logs.Log :********************Test LoginPage Passed********************************
2022-06-21 12:26:50,616 :INFO :Logs.Log :********************verifying LoginPage Test********************************
2022-06-21 12:26:58,455 :INFO :Logs.Log :********************Test LoginPage Passed********************************
2022-06-21 12:26:59,592 :INFO :Logs.Log :********************verifying LoginPage Test********************************
2022-06-21 12:27:06,989 :INFO :Logs.Log :********************Test LoginPage Passed********************************
2022-06-21 12:27:07,634 :INFO :Logs.Log :********************verifying LoginPage Test********************************
2022-06-21 12:27:14,960 :INFO :Logs.Log :********************Test LoginPage Passed********************************
2022-06-21 12:41:20,072 :INFO :Logs.Log :********************verifying LoginPage Test********************************
2022-06-21 12:41:33,174 :INFO :Logs.Log :********************Test LoginPage Passed********************************
2022-06-21 12:41:34,257 :INFO :Logs.Log :********************verifying LoginPage Test********************************
2022-06-21 12:41:59,484 :INFO :Logs.Log :********************Test LoginPage Passed********************************
2022-06-21 12:42:00,586 :INFO :Logs.Log :********************verifying LoginPage Test********************************
2022-06-21 12:42:34,842 :INFO :Logs.Log :********************Test LoginPage Passed********************************
2022-06-21 12:42:35,976 :INFO :Logs.Log :********************verifying LoginPage Test********************************
2022-06-21 12:43:09,528 :INFO :Logs.Log :********************Test LoginPage Passed********************************
2022-06-21 12:43:10,633 :INFO :Logs.Log :********************verifying LoginPage Test********************************
2022-06-21 12:43:39,273 :INFO :Logs.Log :********************Test LoginPage Passed********************************
2022-06-21 12:43:40,372 :INFO :Logs.Log :********************verifying LoginPage Test********************************
2022-06-21 12:44:03,189 :INFO :Logs.Log :********************Test LoginPage Passed********************************
2022-06-21 12:44:04,295 :INFO :Logs.Log :********************verifying LoginPage Test********************************
2022-06-21 12:44:26,155 :INFO :Logs.Log :********************LoginPage Test Failed********************************
2022-06-21 12:46:09,196 :INFO :Logs.Log :********************verifying LoginPage Test********************************
2022-06-21 12:46:28,698 :INFO :Logs.Log :********************Test LoginPage Passed********************************
2022-06-21 12:46:29,858 :INFO :Logs.Log :********************verifying LoginPage Test********************************
2022-06-21 12:47:03,361 :INFO :Logs.Log :********************Test LoginPage Passed********************************
2022-06-21 12:47:04,450 :INFO :Logs.Log :********************verifying LoginPage Test********************************
2022-06-21 12:47:33,736 :INFO :Logs.Log :********************Test LoginPage Passed********************************
2022-06-21 12:47:35,017 :INFO :Logs.Log :********************verifying LoginPage Test********************************
2022-06-21 12:48:03,433 :INFO :Logs.Log :********************Test LoginPage Passed********************************
2022-06-21 12:48:04,546 :INFO :Logs.Log :********************verifying LoginPage Test********************************
2022-06-21 12:48:15,160 :INFO :Logs.Log :********************Test LoginPage Passed********************************
2022-06-21 12:48:16,554 :INFO :Logs.Log :********************verifying LoginPage Test********************************
2022-06-21 12:48:27,530 :INFO :Logs.Log :********************Test LoginPage Passed********************************
2022-06-21 12:48:28,531 :INFO :Logs.Log :********************verifying LoginPage Test********************************
2022-06-21 12:48:41,488 :INFO :Logs.Log :********************Test LoginPage Passed********************************
2022-06-21 13:07:07,920 :INFO :Logs.Log :********************verifying LoginPage Test********************************
2022-06-21 13:07:37,555 :INFO :Logs.Log :********************verifying LoginPage Test********************************
2022-06-21 13:10:56,486 :INFO :Logs.Log :********************verifying test_Dashboard_button ********************************
2022-06-21 13:11:08,486 :INFO :Logs.Log :********************test_Dashboard_button Failed********************************
2022-06-21 13:11:42,554 :INFO :Logs.Log :********************verifying test_Dashboard_button ********************************
2022-06-21 13:12:01,905 :INFO :Logs.Log :********************test_Dashboard_button Passed********************************
2022-06-21 13:35:23,185 :INFO :Logs.Log :********************verifying LoginPage Test********************************
2022-06-21 13:39:35,294 :INFO :Logs.Log :********************verifying LoginPage Test********************************
2022-06-21 14:21:17,977 :INFO :Logs.Log :********************verifying test_Dashboard_button ********************************
2022-06-21 14:22:01,938 :INFO :Logs.Log :********************verifying test_Dashboard_button ********************************
2022-06-21 14:22:29,198 :INFO :Logs.Log :********************verifying test_Dashboard_button ********************************
2022-06-21 14:22:55,531 :INFO :Logs.Log :********************verifying test_Dashboard_button ********************************
2022-06-21 14:25:44,571 :INFO :Logs.Log :********************verifying test_Dashboard_button ********************************
2022-06-21 14:31:01,447 :INFO :Logs.Log :********************verifying test_Dashboard_button ********************************
2022-06-21 14:44:40,213 :INFO :Logs.Log :********************verifying test_Dashboard_button ********************************
2022-06-21 14:46:48,903 :INFO :Logs.Log :********************verifying test_Dashboard_button ********************************
2022-06-21 14:46:59,078 :INFO :Logs.Log :********************test_Logout Passed********************************
2022-06-21 14:52:39,759 :INFO :Logs.Log :********************verifying test_Dashboard_button ********************************
2022-06-21 14:53:58,189 :INFO :Logs.Log :********************test_Logout Passed********************************
2022-06-21 14:59:29,802 :INFO :Logs.Log :********************verifying LoginPage Test********************************
2022-06-21 15:20:44,037 :INFO :Logs.Log :********************verifying Back_Button Test********************************
2022-06-21 15:23:24,136 :INFO :Logs.Log :********************verifying Back_Button Test********************************
2022-06-21 15:26:04,667 :INFO :Logs.Log :********************verifying Back_Button Test********************************
2022-06-21 15:26:24,039 :INFO :Logs.Log :********************test_Back_Button Passed********************************
2022-06-21 15:31:16,770 :INFO :Logs.Log :********************verifying Back_Button Test********************************
2022-06-21 15:32:14,098 :INFO :Logs.Log :********************verifying Back_Button Test********************************
2022-06-21 15:34:46,682 :INFO :Logs.Log :********************verifying Back_Button Test********************************
2022-06-21 15:35:05,978 :INFO :Logs.Log :********************test_Logout Passed********************************
2022-06-21 15:43:58,454 :INFO :Logs.Log :********************verifying Back_Button Test********************************
2022-06-21 15:44:14,943 :INFO :Logs.Log :********************test_Back_Button Passed********************************
2022-06-21 15:44:15,655 :INFO :Logs.Log :********************verifying Back_Button Test********************************
2022-06-21 15:44:29,958 :INFO :Logs.Log :********************test_Logout Passed********************************
2022-06-21 16:18:34,232 :INFO :Logs.Log :********************verifying Back_Button Test********************************
2022-06-21 16:32:47,988 :INFO :Logs.Log :********************verifying Back_Button Test********************************
2022-06-21 16:34:00,147 :INFO :Logs.Log :********************verifying Back_Button Test********************************
2022-06-21 16:52:54,276 :INFO :Logs.Log :********************verifying Back_Button Test********************************
2022-06-21 16:54:05,688 :INFO :Logs.Log :********************verifying Back_Button Test********************************
2022-06-21 17:14:42,681 :INFO :Logs.Log :********************verifying Back_Button Test********************************
2022-06-21 17:41:13,659 :INFO :Logs.Log :********************verifying Back_Button Test********************************
2022-06-21 17:41:42,328 :INFO :Logs.Log :********************test_InfraMap Failed********************************
2022-06-21 17:43:08,607 :INFO :Logs.Log :********************verifying Back_Button Test********************************
2022-06-21 17:43:33,752 :INFO :Logs.Log :********************test_InfraMap Passed********************************
2022-06-22 10:49:42,282 :INFO :Logs.Log :********************verifying Back_Button Test********************************
2022-06-22 10:51:51,538 :INFO :Logs.Log :********************verifying Back_Button Test********************************
2022-06-22 11:06:25,207 :INFO :Logs.Log :********************verifying Back_Button Test********************************
2022-06-22 11:08:39,887 :INFO :Logs.Log :********************verifying Back_Button Test********************************
2022-06-22 11:09:50,292 :INFO :Logs.Log :********************verifying Back_Button Test********************************
2022-06-22 12:30:54,335 :INFO :Logs.Log :********************verifying Hyperlink Test********************************
2022-06-22 12:49:58,140 :INFO :Logs.Log :********************verifying Hyperlink Test********************************
2022-06-22 15:38:07,156 :INFO :Logs.Log :********************verifying LoginPage Test********************************
2022-06-27 11:16:33,115 :INFO :Logs.Log :********************verifying Back_Button Test********************************
2022-06-27 11:22:06,339 :INFO :Logs.Log :********************verifying Back_Button Test********************************
2022-06-27 11:22:19,525 :INFO :Logs.Log :********************verifying Back_Button Test********************************
2022-06-27 11:24:08,393 :INFO :Logs.Log :********************verifying Back_Button Test********************************
2022-06-27 11:26:10,681 :INFO :Logs.Log :********************verifying Back_Button Test********************************
2022-06-27 11:26:32,160 :INFO :Logs.Log :********************verifying Back_Button Test********************************
2022-06-27 11:26:52,180 :INFO :Logs.Log :********************test_hyperLink Failed********************************
2022-06-27 11:29:10,797 :INFO :Logs.Log :********************verifying Back_Button Test********************************
2022-06-27 11:30:29,830 :INFO :Logs.Log :********************verifying Back_Button Test********************************
2022-06-27 11:32:12,664 :INFO :Logs.Log :********************verifying Back_Button Test********************************
2022-06-27 11:32:39,270 :INFO :Logs.Log :********************test_hyperLink Failed********************************
2022-06-27 11:34:23,288 :INFO :Logs.Log :********************verifying Back_Button Test********************************
2022-06-27 11:34:55,620 :INFO :Logs.Log :********************test_hyperLink Passed********************************
2022-06-27 12:56:00,154 :INFO :Logs.Log :********************verifying Back_Button Test********************************
2022-06-27 12:56:21,957 :INFO :Logs.Log :********************test_hyperLink Passed********************************
